<?xml version="1.0" encoding="UTF-8"?>
<!-- Generated by org.testng.reporters.JUnitReportReporter -->
<testsuite hostname="Amar" failures="0" tests="1" name="TestNG.Login_CreateCustomer_Logout_ActiTime" time="56.738" errors="0" timestamp="2024-05-11T10:40:18 IST" skipped="0">
  <testcase classname="TestNG.Login_CreateCustomer_Logout_ActiTime" name="LoginCreatCustomerLogout" time="56.738"/>
  <system-out/>
</testsuite> <!-- TestNG.Login_CreateCustomer_Logout_ActiTime -->
