<?xml version="1.0" encoding="UTF-8"?>
<!-- Generated by org.testng.reporters.JUnitReportReporter -->
<testsuite hostname="Amar" failures="0" tests="1" name="TestNG.Login_DeleteTypesOfWork_Logout_ActiTime" time="72.841" errors="0" timestamp="2024-05-11T00:28:19 IST" skipped="0">
  <testcase classname="TestNG.Login_DeleteTypesOfWork_Logout_ActiTime" name="Login_DeleteTypesOfWorkLogout" time="72.841"/>
  <system-out/>
</testsuite> <!-- TestNG.Login_DeleteTypesOfWork_Logout_ActiTime -->
