<?xml version="1.0" encoding="UTF-8"?>
<!-- Generated by org.testng.reporters.JUnitReportReporter -->
<testsuite hostname="Amar" failures="0" tests="1" name="TestNG.Login_DeletCustomer_Logout_ActiTime" time="58.099" errors="0" timestamp="2024-05-11T10:41:35 IST" skipped="0">
  <testcase classname="TestNG.Login_DeletCustomer_Logout_ActiTime" name="LoginDeletCustomerLogout" time="58.099"/>
  <system-out/>
</testsuite> <!-- TestNG.Login_DeletCustomer_Logout_ActiTime -->
