<?xml version="1.0" encoding="UTF-8"?>
<!-- Generated by org.testng.reporters.JUnitReportReporter -->
<testsuite hostname="Amar" failures="0" tests="1" name="TestNG._1_Login_Logout" time="39.879" errors="0" timestamp="2024-05-13T19:46:30 IST" skipped="0">
  <testcase classname="TestNG._1_Login_Logout" name="login_Logout" time="39.879"/>
</testsuite> <!-- TestNG._1_Login_Logout -->
