<?xml version="1.0" encoding="UTF-8"?>
<!-- Generated by org.testng.reporters.JUnitReportReporter -->
<testsuite hostname="Amar" failures="0" tests="1" name="TestNG.Login_deleteLeaveType_Logout_ActiTime" time="72.819" errors="0" timestamp="2024-05-13T19:46:30 IST" skipped="0">
  <testcase classname="TestNG.Login_deleteLeaveType_Logout_ActiTime" name="LogindeleteLeaveTypeLogout" time="72.819"/>
</testsuite> <!-- TestNG.Login_deleteLeaveType_Logout_ActiTime -->
