<?xml version="1.0" encoding="UTF-8"?>
<!-- Generated by org.testng.reporters.JUnitReportReporter -->
<testsuite hostname="Amar" failures="0" tests="1" name="TestNG.Login_CreatLeaveType_Logout_ActiTime" time="73.804" errors="0" timestamp="2024-05-13T19:46:30 IST" skipped="0">
  <testcase classname="TestNG.Login_CreatLeaveType_Logout_ActiTime" name="LoginCreatLeaveTypeLogout" time="73.804"/>
</testsuite> <!-- TestNG.Login_CreatLeaveType_Logout_ActiTime -->
